app/build/intermediates/manifest_merge_blame_file/debug/processDebugMainManifest/manifest-merger-blame-debug-report.txt
1<?xml version="1.0" encoding="utf-8"?>
2<manifest xmlns:android="http://schemas.android.com/apk/res/android"
3    package="com.example.sppms"
4    android:versionCode="1"
5    android:versionName="1.0" >
6
7    <uses-sdk
8        android:minSdkVersion="26"
9        android:targetSdkVersion="34" />
10
11    <uses-permission android:name="android.permission.INTERNET" />
11-->src\main\AndroidManifest.xml:6:5-67
11-->src\main\AndroidManifest.xml:6:22-64
12    <uses-permission android:name="android.permission.ACCESS_NETWORK_STATE" />
12-->src\main\AndroidManifest.xml:7:5-79
12-->src\main\AndroidManifest.xml:7:22-76
13    <uses-permission android:name="android.permission.FOREGROUND_SERVICE" />
13-->src\main\AndroidManifest.xml:8:5-77
13-->src\main\AndroidManifest.xml:8:22-74
14    <uses-permission android:name="android.permission.WAKE_LOCK" />
14-->src\main\AndroidManifest.xml:9:5-68
14-->src\main\AndroidManifest.xml:9:22-65
15    <uses-permission android:name="android.permission.RECEIVE_BOOT_COMPLETED" />
15-->src\main\AndroidManifest.xml:10:5-81
15-->src\main\AndroidManifest.xml:10:22-78
16    <uses-permission android:name="android.permission.POST_NOTIFICATIONS" />
16-->src\main\AndroidManifest.xml:11:5-77
16-->src\main\AndroidManifest.xml:11:22-74
17    <uses-permission android:name="android.permission.PACKAGE_USAGE_STATS" />
17-->src\main\AndroidManifest.xml:12:5-14:47
17-->src\main\AndroidManifest.xml:13:9-62
18    <uses-permission android:name="android.permission.ACCESS_FINE_LOCATION" />
18-->src\main\AndroidManifest.xml:15:5-79
18-->src\main\AndroidManifest.xml:15:22-76
19    <uses-permission android:name="android.permission.ACCESS_COARSE_LOCATION" />
19-->src\main\AndroidManifest.xml:16:5-81
19-->src\main\AndroidManifest.xml:16:22-78
20    <uses-permission android:name="android.permission.ACCESS_BACKGROUND_LOCATION" />
20-->src\main\AndroidManifest.xml:17:5-85
20-->src\main\AndroidManifest.xml:17:22-82
21
22    <uses-feature
22-->[com.google.android.gms:play-services-maps:18.2.0] AndroidManifest.xml:26:5-28:35
23        android:glEsVersion="0x00020000"
23-->[com.google.android.gms:play-services-maps:18.2.0] AndroidManifest.xml:27:9-41
24        android:required="true" />
24-->[com.google.android.gms:play-services-maps:18.2.0] AndroidManifest.xml:28:9-32
25
26    <queries>
26-->[com.google.android.gms:play-services-maps:18.2.0] AndroidManifest.xml:30:5-34:15
27
28        <!-- Needs to be explicitly declared on Android R+ -->
29        <package android:name="com.google.android.apps.maps" />
29-->[com.google.android.gms:play-services-maps:18.2.0] AndroidManifest.xml:33:9-64
29-->[com.google.android.gms:play-services-maps:18.2.0] AndroidManifest.xml:33:18-61
30    </queries>
31
32    <permission
32-->[androidx.core:core:1.12.0] AndroidManifest.xml:22:5-24:47
33        android:name="com.example.sppms.DYNAMIC_RECEIVER_NOT_EXPORTED_PERMISSION"
33-->[androidx.core:core:1.12.0] AndroidManifest.xml:23:9-81
34        android:protectionLevel="signature" />
34-->[androidx.core:core:1.12.0] AndroidManifest.xml:24:9-44
35
36    <uses-permission android:name="com.example.sppms.DYNAMIC_RECEIVER_NOT_EXPORTED_PERMISSION" />
36-->[androidx.core:core:1.12.0] AndroidManifest.xml:26:5-97
36-->[androidx.core:core:1.12.0] AndroidManifest.xml:26:22-94
37
38    <application
38-->src\main\AndroidManifest.xml:19:5-76:19
39        android:allowBackup="true"
39-->src\main\AndroidManifest.xml:20:9-35
40        android:appComponentFactory="androidx.core.app.CoreComponentFactory"
40-->[androidx.core:core:1.12.0] AndroidManifest.xml:28:18-86
41        android:debuggable="true"
42        android:extractNativeLibs="false"
43        android:icon="@mipmap/ic_launcher"
43-->src\main\AndroidManifest.xml:21:9-43
44        android:label="@string/app_name"
44-->src\main\AndroidManifest.xml:22:9-41
45        android:roundIcon="@mipmap/ic_launcher_round"
45-->src\main\AndroidManifest.xml:23:9-54
46        android:supportsRtl="true"
46-->src\main\AndroidManifest.xml:24:9-35
47        android:testOnly="true"
48        android:theme="@style/Theme.Parentral" >
48-->src\main\AndroidManifest.xml:25:9-47
49        <activity
49-->src\main\AndroidManifest.xml:27:9-34:20
50            android:name="com.example.sppms.MainActivity"
50-->src\main\AndroidManifest.xml:28:13-41
51            android:exported="true" >
51-->src\main\AndroidManifest.xml:29:13-36
52            <intent-filter>
52-->src\main\AndroidManifest.xml:30:13-33:29
53                <action android:name="android.intent.action.MAIN" />
53-->src\main\AndroidManifest.xml:31:17-69
53-->src\main\AndroidManifest.xml:31:25-66
54
55                <category android:name="android.intent.category.LAUNCHER" />
55-->src\main\AndroidManifest.xml:32:17-77
55-->src\main\AndroidManifest.xml:32:27-74
56            </intent-filter>
57        </activity>
58        <activity android:name="com.example.sppms.LoginActivity" />
58-->src\main\AndroidManifest.xml:36:9-51
58-->src\main\AndroidManifest.xml:36:19-48
59        <activity android:name="com.example.sppms.RegisterActivity" />
59-->src\main\AndroidManifest.xml:37:9-54
59-->src\main\AndroidManifest.xml:37:19-51
60        <activity android:name="com.example.sppms.ParentDashboardActivity" />
60-->src\main\AndroidManifest.xml:38:9-61
60-->src\main\AndroidManifest.xml:38:19-58
61        <activity android:name="com.example.sppms.ChildDashboardActivity" />
61-->src\main\AndroidManifest.xml:39:9-60
61-->src\main\AndroidManifest.xml:39:19-57
62        <activity android:name="com.example.sppms.ChildrenActivity" />
62-->src\main\AndroidManifest.xml:40:9-54
62-->src\main\AndroidManifest.xml:40:19-51
63        <activity android:name="com.example.sppms.AppUsageActivity" />
63-->src\main\AndroidManifest.xml:41:9-54
63-->src\main\AndroidManifest.xml:41:19-51
64        <activity android:name="com.example.sppms.ScreenTimeActivity" />
64-->src\main\AndroidManifest.xml:42:9-56
64-->src\main\AndroidManifest.xml:42:19-53
65        <activity android:name="com.example.sppms.Last24HourHistoryActivity" />
65-->src\main\AndroidManifest.xml:43:9-63
65-->src\main\AndroidManifest.xml:43:19-60
66        <activity android:name="com.example.sppms.LocationActivity" />
66-->src\main\AndroidManifest.xml:44:9-54
66-->src\main\AndroidManifest.xml:44:19-51
67        <activity android:name="com.example.sppms.AlertsActivity" />
67-->src\main\AndroidManifest.xml:45:9-52
67-->src\main\AndroidManifest.xml:45:19-49
68        <activity android:name="com.example.sppms.ChildLocationMapActivity" />
68-->src\main\AndroidManifest.xml:46:9-62
68-->src\main\AndroidManifest.xml:46:19-59
69        <activity android:name="com.example.sppms.ReelsActivity" />
69-->src\main\AndroidManifest.xml:47:9-51
69-->src\main\AndroidManifest.xml:47:19-48
70        <activity android:name="com.example.sppms.OthersAppActivity" />
70-->src\main\AndroidManifest.xml:48:9-55
70-->src\main\AndroidManifest.xml:48:19-52
71
72        <service
72-->src\main\AndroidManifest.xml:50:9-60:19
73            android:name="com.example.sppms.YouTubeMonitorService"
73-->src\main\AndroidManifest.xml:51:13-50
74            android:exported="true"
74-->src\main\AndroidManifest.xml:52:13-36
75            android:permission="android.permission.BIND_ACCESSIBILITY_SERVICE" >
75-->src\main\AndroidManifest.xml:53:13-79
76            <intent-filter>
76-->src\main\AndroidManifest.xml:54:13-56:29
77                <action android:name="android.accessibilityservice.AccessibilityService" />
77-->src\main\AndroidManifest.xml:55:17-92
77-->src\main\AndroidManifest.xml:55:25-89
78            </intent-filter>
79
80            <meta-data
80-->src\main\AndroidManifest.xml:57:13-59:72
81                android:name="android.accessibilityservice"
81-->src\main\AndroidManifest.xml:58:17-60
82                android:resource="@xml/accessibility_service_config" />
82-->src\main\AndroidManifest.xml:59:17-69
83        </service>
84        <service
84-->src\main\AndroidManifest.xml:62:9-70:19
85            android:name="com.example.sppms.MyNotificationListener"
85-->src\main\AndroidManifest.xml:63:13-51
86            android:exported="true"
86-->src\main\AndroidManifest.xml:65:13-36
87            android:label="Parentral Notification Access"
87-->src\main\AndroidManifest.xml:66:13-58
88            android:permission="android.permission.BIND_NOTIFICATION_LISTENER_SERVICE" >
88-->src\main\AndroidManifest.xml:64:13-87
89            <intent-filter>
89-->src\main\AndroidManifest.xml:67:13-69:29
90                <action android:name="android.service.notification.NotificationListenerService" />
90-->src\main\AndroidManifest.xml:68:17-99
90-->src\main\AndroidManifest.xml:68:25-96
91            </intent-filter>
92        </service>
93
94        <meta-data
94-->src\main\AndroidManifest.xml:72:9-74:56
95            android:name="com.google.android.geo.API_KEY"
95-->src\main\AndroidManifest.xml:73:13-58
96            android:value="YOUR_GOOGLE_MAPS_API_KEY" />
96-->src\main\AndroidManifest.xml:74:13-53
97
98        <activity
98-->[com.google.android.gms:play-services-auth:20.7.0] AndroidManifest.xml:23:9-27:75
99            android:name="com.google.android.gms.auth.api.signin.internal.SignInHubActivity"
99-->[com.google.android.gms:play-services-auth:20.7.0] AndroidManifest.xml:24:13-93
100            android:excludeFromRecents="true"
100-->[com.google.android.gms:play-services-auth:20.7.0] AndroidManifest.xml:25:13-46
101            android:exported="false"
101-->[com.google.android.gms:play-services-auth:20.7.0] AndroidManifest.xml:26:13-37
102            android:theme="@android:style/Theme.Translucent.NoTitleBar" />
102-->[com.google.android.gms:play-services-auth:20.7.0] AndroidManifest.xml:27:13-72
103        <!--
104            Service handling Google Sign-In user revocation. For apps that do not integrate with
105            Google Sign-In, this service will never be started.
106        -->
107        <service
107-->[com.google.android.gms:play-services-auth:20.7.0] AndroidManifest.xml:33:9-37:51
108            android:name="com.google.android.gms.auth.api.signin.RevocationBoundService"
108-->[com.google.android.gms:play-services-auth:20.7.0] AndroidManifest.xml:34:13-89
109            android:exported="true"
109-->[com.google.android.gms:play-services-auth:20.7.0] AndroidManifest.xml:35:13-36
110            android:permission="com.google.android.gms.auth.api.signin.permission.REVOCATION_NOTIFICATION"
110-->[com.google.android.gms:play-services-auth:20.7.0] AndroidManifest.xml:36:13-107
111            android:visibleToInstantApps="true" /> <!-- Needs to be explicitly declared on P+ -->
111-->[com.google.android.gms:play-services-auth:20.7.0] AndroidManifest.xml:37:13-48
112        <uses-library
112-->[com.google.android.gms:play-services-maps:18.2.0] AndroidManifest.xml:39:9-41:40
113            android:name="org.apache.http.legacy"
113-->[com.google.android.gms:play-services-maps:18.2.0] AndroidManifest.xml:40:13-50
114            android:required="false" />
114-->[com.google.android.gms:play-services-maps:18.2.0] AndroidManifest.xml:41:13-37
115
116        <activity
116-->[com.google.firebase:firebase-auth:22.3.0] AndroidManifest.xml:29:9-46:20
117            android:name="com.google.firebase.auth.internal.GenericIdpActivity"
117-->[com.google.firebase:firebase-auth:22.3.0] AndroidManifest.xml:30:13-80
118            android:excludeFromRecents="true"
118-->[com.google.firebase:firebase-auth:22.3.0] AndroidManifest.xml:31:13-46
119            android:exported="true"
119-->[com.google.firebase:firebase-auth:22.3.0] AndroidManifest.xml:32:13-36
120            android:launchMode="singleTask"
120-->[com.google.firebase:firebase-auth:22.3.0] AndroidManifest.xml:33:13-44
121            android:theme="@android:style/Theme.Translucent.NoTitleBar" >
121-->[com.google.firebase:firebase-auth:22.3.0] AndroidManifest.xml:34:13-72
122            <intent-filter>
122-->[com.google.firebase:firebase-auth:22.3.0] AndroidManifest.xml:35:13-45:29
123                <action android:name="android.intent.action.VIEW" />
123-->[com.google.firebase:firebase-auth:22.3.0] AndroidManifest.xml:36:17-69
123-->[com.google.firebase:firebase-auth:22.3.0] AndroidManifest.xml:36:25-66
124
125                <category android:name="android.intent.category.DEFAULT" />
125-->[com.google.firebase:firebase-auth:22.3.0] AndroidManifest.xml:38:17-76
125-->[com.google.firebase:firebase-auth:22.3.0] AndroidManifest.xml:38:27-73
126                <category android:name="android.intent.category.BROWSABLE" />
126-->[com.google.firebase:firebase-auth:22.3.0] AndroidManifest.xml:39:17-78
126-->[com.google.firebase:firebase-auth:22.3.0] AndroidManifest.xml:39:27-75
127
128                <data
128-->[com.google.firebase:firebase-auth:22.3.0] AndroidManifest.xml:41:17-44:51
129                    android:host="firebase.auth"
129-->[com.google.firebase:firebase-auth:22.3.0] AndroidManifest.xml:42:21-49
130                    android:path="/"
130-->[com.google.firebase:firebase-auth:22.3.0] AndroidManifest.xml:43:21-37
131                    android:scheme="genericidp" />
131-->[com.google.firebase:firebase-auth:22.3.0] AndroidManifest.xml:44:21-48
132            </intent-filter>
133        </activity>
134        <activity
134-->[com.google.firebase:firebase-auth:22.3.0] AndroidManifest.xml:47:9-64:20
135            android:name="com.google.firebase.auth.internal.RecaptchaActivity"
135-->[com.google.firebase:firebase-auth:22.3.0] AndroidManifest.xml:48:13-79
136            android:excludeFromRecents="true"
136-->[com.google.firebase:firebase-auth:22.3.0] AndroidManifest.xml:49:13-46
137            android:exported="true"
137-->[com.google.firebase:firebase-auth:22.3.0] AndroidManifest.xml:50:13-36
138            android:launchMode="singleTask"
138-->[com.google.firebase:firebase-auth:22.3.0] AndroidManifest.xml:51:13-44
139            android:theme="@android:style/Theme.Translucent.NoTitleBar" >
139-->[com.google.firebase:firebase-auth:22.3.0] AndroidManifest.xml:52:13-72
140            <intent-filter>
140-->[com.google.firebase:firebase-auth:22.3.0] AndroidManifest.xml:53:13-63:29
141                <action android:name="android.intent.action.VIEW" />
141-->[com.google.firebase:firebase-auth:22.3.0] AndroidManifest.xml:36:17-69
141-->[com.google.firebase:firebase-auth:22.3.0] AndroidManifest.xml:36:25-66
142
143                <category android:name="android.intent.category.DEFAULT" />
143-->[com.google.firebase:firebase-auth:22.3.0] AndroidManifest.xml:38:17-76
143-->[com.google.firebase:firebase-auth:22.3.0] AndroidManifest.xml:38:27-73
144                <category android:name="android.intent.category.BROWSABLE" />
144-->[com.google.firebase:firebase-auth:22.3.0] AndroidManifest.xml:39:17-78
144-->[com.google.firebase:firebase-auth:22.3.0] AndroidManifest.xml:39:27-75
145
146                <data
146-->[com.google.firebase:firebase-auth:22.3.0] AndroidManifest.xml:41:17-44:51
147                    android:host="firebase.auth"
147-->[com.google.firebase:firebase-auth:22.3.0] AndroidManifest.xml:42:21-49
148                    android:path="/"
148-->[com.google.firebase:firebase-auth:22.3.0] AndroidManifest.xml:43:21-37
149                    android:scheme="recaptcha" />
149-->[com.google.firebase:firebase-auth:22.3.0] AndroidManifest.xml:44:21-48
150            </intent-filter>
151        </activity>
152
153        <service
153-->[com.google.firebase:firebase-auth:22.3.0] AndroidManifest.xml:66:9-72:19
154            android:name="com.google.firebase.components.ComponentDiscoveryService"
154-->[com.google.firebase:firebase-auth:22.3.0] AndroidManifest.xml:67:13-84
155            android:directBootAware="true"
155-->[com.google.firebase:firebase-common:20.4.2] AndroidManifest.xml:32:13-43
156            android:exported="false" >
156-->[com.google.firebase:firebase-auth:22.3.0] AndroidManifest.xml:68:13-37
157            <meta-data
157-->[com.google.firebase:firebase-auth:22.3.0] AndroidManifest.xml:69:13-71:85
158                android:name="com.google.firebase.components:com.google.firebase.auth.FirebaseAuthRegistrar"
158-->[com.google.firebase:firebase-auth:22.3.0] AndroidManifest.xml:70:17-109
159                android:value="com.google.firebase.components.ComponentRegistrar" />
159-->[com.google.firebase:firebase-auth:22.3.0] AndroidManifest.xml:71:17-82
160            <meta-data
160-->[com.google.firebase:firebase-firestore:24.10.0] AndroidManifest.xml:17:13-19:85
161                android:name="com.google.firebase.components:com.google.firebase.firestore.FirebaseFirestoreKtxRegistrar"
161-->[com.google.firebase:firebase-firestore:24.10.0] AndroidManifest.xml:18:17-122
162                android:value="com.google.firebase.components.ComponentRegistrar" />
162-->[com.google.firebase:firebase-firestore:24.10.0] AndroidManifest.xml:19:17-82
163            <meta-data
163-->[com.google.firebase:firebase-firestore:24.10.0] AndroidManifest.xml:20:13-22:85
164                android:name="com.google.firebase.components:com.google.firebase.firestore.FirestoreRegistrar"
164-->[com.google.firebase:firebase-firestore:24.10.0] AndroidManifest.xml:21:17-111
165                android:value="com.google.firebase.components.ComponentRegistrar" />
165-->[com.google.firebase:firebase-firestore:24.10.0] AndroidManifest.xml:22:17-82
166            <meta-data
166-->[com.google.firebase:firebase-database:20.3.0] AndroidManifest.xml:29:13-31:85
167                android:name="com.google.firebase.components:com.google.firebase.database.FirebaseDatabaseKtxRegistrar"
167-->[com.google.firebase:firebase-database:20.3.0] AndroidManifest.xml:30:17-120
168                android:value="com.google.firebase.components.ComponentRegistrar" />
168-->[com.google.firebase:firebase-database:20.3.0] AndroidManifest.xml:31:17-82
169            <meta-data
169-->[com.google.firebase:firebase-database:20.3.0] AndroidManifest.xml:32:13-34:85
170                android:name="com.google.firebase.components:com.google.firebase.database.DatabaseRegistrar"
170-->[com.google.firebase:firebase-database:20.3.0] AndroidManifest.xml:33:17-109
171                android:value="com.google.firebase.components.ComponentRegistrar" />
171-->[com.google.firebase:firebase-database:20.3.0] AndroidManifest.xml:34:17-82
172            <meta-data
172-->[com.google.firebase:firebase-common-ktx:20.4.2] AndroidManifest.xml:12:13-14:85
173                android:name="com.google.firebase.components:com.google.firebase.ktx.FirebaseCommonLegacyRegistrar"
173-->[com.google.firebase:firebase-common-ktx:20.4.2] AndroidManifest.xml:13:17-116
174                android:value="com.google.firebase.components.ComponentRegistrar" />
174-->[com.google.firebase:firebase-common-ktx:20.4.2] AndroidManifest.xml:14:17-82
175            <meta-data
175-->[com.google.firebase:firebase-common:20.4.2] AndroidManifest.xml:35:13-37:85
176                android:name="com.google.firebase.components:com.google.firebase.FirebaseCommonKtxRegistrar"
176-->[com.google.firebase:firebase-common:20.4.2] AndroidManifest.xml:36:17-109
177                android:value="com.google.firebase.components.ComponentRegistrar" />
177-->[com.google.firebase:firebase-common:20.4.2] AndroidManifest.xml:37:17-82
178        </service>
179
180        <activity
180-->[com.google.android.gms:play-services-base:18.1.0] AndroidManifest.xml:20:9-22:45
181            android:name="com.google.android.gms.common.api.GoogleApiActivity"
181-->[com.google.android.gms:play-services-base:18.1.0] AndroidManifest.xml:20:19-85
182            android:exported="false"
182-->[com.google.android.gms:play-services-base:18.1.0] AndroidManifest.xml:22:19-43
183            android:theme="@android:style/Theme.Translucent.NoTitleBar" />
183-->[com.google.android.gms:play-services-base:18.1.0] AndroidManifest.xml:21:19-78
184
185        <provider
185-->[com.google.firebase:firebase-common:20.4.2] AndroidManifest.xml:23:9-28:39
186            android:name="com.google.firebase.provider.FirebaseInitProvider"
186-->[com.google.firebase:firebase-common:20.4.2] AndroidManifest.xml:24:13-77
187            android:authorities="com.example.sppms.firebaseinitprovider"
187-->[com.google.firebase:firebase-common:20.4.2] AndroidManifest.xml:25:13-72
188            android:directBootAware="true"
188-->[com.google.firebase:firebase-common:20.4.2] AndroidManifest.xml:26:13-43
189            android:exported="false"
189-->[com.google.firebase:firebase-common:20.4.2] AndroidManifest.xml:27:13-37
190            android:initOrder="100" />
190-->[com.google.firebase:firebase-common:20.4.2] AndroidManifest.xml:28:13-36
191        <provider
191-->[androidx.emoji2:emoji2:1.2.0] AndroidManifest.xml:24:9-32:20
192            android:name="androidx.startup.InitializationProvider"
192-->[androidx.emoji2:emoji2:1.2.0] AndroidManifest.xml:25:13-67
193            android:authorities="com.example.sppms.androidx-startup"
193-->[androidx.emoji2:emoji2:1.2.0] AndroidManifest.xml:26:13-68
194            android:exported="false" >
194-->[androidx.emoji2:emoji2:1.2.0] AndroidManifest.xml:27:13-37
195            <meta-data
195-->[androidx.emoji2:emoji2:1.2.0] AndroidManifest.xml:29:13-31:52
196                android:name="androidx.emoji2.text.EmojiCompatInitializer"
196-->[androidx.emoji2:emoji2:1.2.0] AndroidManifest.xml:30:17-75
197                android:value="androidx.startup" />
197-->[androidx.emoji2:emoji2:1.2.0] AndroidManifest.xml:31:17-49
198            <meta-data
198-->[androidx.lifecycle:lifecycle-process:2.6.1] AndroidManifest.xml:29:13-31:52
199                android:name="androidx.lifecycle.ProcessLifecycleInitializer"
199-->[androidx.lifecycle:lifecycle-process:2.6.1] AndroidManifest.xml:30:17-78
200                android:value="androidx.startup" />
200-->[androidx.lifecycle:lifecycle-process:2.6.1] AndroidManifest.xml:31:17-49
201            <meta-data
201-->[androidx.profileinstaller:profileinstaller:1.3.0] AndroidManifest.xml:29:13-31:52
202                android:name="androidx.profileinstaller.ProfileInstallerInitializer"
202-->[androidx.profileinstaller:profileinstaller:1.3.0] AndroidManifest.xml:30:17-85
203                android:value="androidx.startup" />
203-->[androidx.profileinstaller:profileinstaller:1.3.0] AndroidManifest.xml:31:17-49
204        </provider>
205
206        <meta-data
206-->[com.google.android.gms:play-services-basement:18.2.0] AndroidManifest.xml:21:9-23:69
207            android:name="com.google.android.gms.version"
207-->[com.google.android.gms:play-services-basement:18.2.0] AndroidManifest.xml:22:13-58
208            android:value="@integer/google_play_services_version" />
208-->[com.google.android.gms:play-services-basement:18.2.0] AndroidManifest.xml:23:13-66
209
210        <receiver
210-->[androidx.profileinstaller:profileinstaller:1.3.0] AndroidManifest.xml:34:9-52:20
211            android:name="androidx.profileinstaller.ProfileInstallReceiver"
211-->[androidx.profileinstaller:profileinstaller:1.3.0] AndroidManifest.xml:35:13-76
212            android:directBootAware="false"
212-->[androidx.profileinstaller:profileinstaller:1.3.0] AndroidManifest.xml:36:13-44
213            android:enabled="true"
213-->[androidx.profileinstaller:profileinstaller:1.3.0] AndroidManifest.xml:37:13-35
214            android:exported="true"
214-->[androidx.profileinstaller:profileinstaller:1.3.0] AndroidManifest.xml:38:13-36
215            android:permission="android.permission.DUMP" >
215-->[androidx.profileinstaller:profileinstaller:1.3.0] AndroidManifest.xml:39:13-57
216            <intent-filter>
216-->[androidx.profileinstaller:profileinstaller:1.3.0] AndroidManifest.xml:40:13-42:29
217                <action android:name="androidx.profileinstaller.action.INSTALL_PROFILE" />
217-->[androidx.profileinstaller:profileinstaller:1.3.0] AndroidManifest.xml:41:17-91
217-->[androidx.profileinstaller:profileinstaller:1.3.0] AndroidManifest.xml:41:25-88
218            </intent-filter>
219            <intent-filter>
219-->[androidx.profileinstaller:profileinstaller:1.3.0] AndroidManifest.xml:43:13-45:29
220                <action android:name="androidx.profileinstaller.action.SKIP_FILE" />
220-->[androidx.profileinstaller:profileinstaller:1.3.0] AndroidManifest.xml:44:17-85
220-->[androidx.profileinstaller:profileinstaller:1.3.0] AndroidManifest.xml:44:25-82
221            </intent-filter>
222            <intent-filter>
222-->[androidx.profileinstaller:profileinstaller:1.3.0] AndroidManifest.xml:46:13-48:29
223                <action android:name="androidx.profileinstaller.action.SAVE_PROFILE" />
223-->[androidx.profileinstaller:profileinstaller:1.3.0] AndroidManifest.xml:47:17-88
223-->[androidx.profileinstaller:profileinstaller:1.3.0] AndroidManifest.xml:47:25-85
224            </intent-filter>
225            <intent-filter>
225-->[androidx.profileinstaller:profileinstaller:1.3.0] AndroidManifest.xml:49:13-51:29
226                <action android:name="androidx.profileinstaller.action.BENCHMARK_OPERATION" />
226-->[androidx.profileinstaller:profileinstaller:1.3.0] AndroidManifest.xml:50:17-95
226-->[androidx.profileinstaller:profileinstaller:1.3.0] AndroidManifest.xml:50:25-92
227            </intent-filter>
228        </receiver>
229    </application>
230
231</manifest>